<?xml version="1.0" encoding="UTF-8" ?>
<testsuite errors="0" failures="0" hostname="petra-PC" name="hr.fer.zemris.bool.MasksTest" skipped="0" tests="2" time="0.033" timestamp="2014-04-08T16:43:54">
  <properties>
[...]
</properties>
  <testcase classname="hr.fer.zemris.bool.MasksTest" name="fromIndexesTest" time="0.0" />
  <testcase classname="hr.fer.zemris.bool.MasksTest" name="fromStringsTest" time="0.0" />
  <system-out><![CDATA[]]></system-out>
  <system-err><![CDATA[]]></system-err>
</testsuite>
