<?xml version="1.0" encoding="UTF-8" ?>
<testsuites>
  <testsuite errors="0" failures="0" hostname="petra-PC" id="0" name="CStringTest" package="hr.fer.zemris.java.tecaj.hw3" skipped="0" tests="18" time="0.254" timestamp="2014-03-29T02:49:37">
      <properties>
[...]
</properties>

      <testcase classname="hr.fer.zemris.java.tecaj.hw3.CStringTest" name="containsTest" time="0.02" />

      <testcase classname="hr.fer.zemris.java.tecaj.hw3.CStringTest" name="replaceAllTest2" time="0.001" />

      <testcase classname="hr.fer.zemris.java.tecaj.hw3.CStringTest" name="subTest" time="0.001" />

      <testcase classname="hr.fer.zemris.java.tecaj.hw3.CStringTest" name="toChArrTest" time="0.0" />

      <testcase classname="hr.fer.zemris.java.tecaj.hw3.CStringTest" name="addTest" time="0.0" />

      <testcase classname="hr.fer.zemris.java.tecaj.hw3.CStringTest" name="endsWithTest" time="0.001" />

      <testcase classname="hr.fer.zemris.java.tecaj.hw3.CStringTest" name="startsWithTest" time="0.0" />

      <testcase classname="hr.fer.zemris.java.tecaj.hw3.CStringTest" name="getConst1Test" time="0.0" />

      <testcase classname="hr.fer.zemris.java.tecaj.hw3.CStringTest" name="getConst3Test" time="0.0" />

      <testcase classname="hr.fer.zemris.java.tecaj.hw3.CStringTest" name="replaceAllTest" time="0.0" />

      <testcase classname="hr.fer.zemris.java.tecaj.hw3.CStringTest" name="lenTest" time="0.001" />

      <testcase classname="hr.fer.zemris.java.tecaj.hw3.CStringTest" name="charAtTest" time="0.0" />

      <testcase classname="hr.fer.zemris.java.tecaj.hw3.CStringTest" name="konstruktor12" time="0.001" />

      <testcase classname="hr.fer.zemris.java.tecaj.hw3.CStringTest" name="replaceTest1" time="0.0" />

      <testcase classname="hr.fer.zemris.java.tecaj.hw3.CStringTest" name="replaceTest2" time="0.0" />

      <testcase classname="hr.fer.zemris.java.tecaj.hw3.CStringTest" name="leftTestTest" time="0.001" />

      <testcase classname="hr.fer.zemris.java.tecaj.hw3.CStringTest" name="indexOfTest" time="0.0" />

      <testcase classname="hr.fer.zemris.java.tecaj.hw3.CStringTest" name="rightTestTest" time="0.0" />

      <system-out><![CDATA[Proljece je a ja sjedim doma i BOMBARDiram :(
Marin Golub
Marko
Marko
abababababab
petra je legenda
BcBBB
Petra$je$dosadna
]]></system-out>

      <system-err><![CDATA[]]></system-err>

  </testsuite>
  <testsuite errors="0" failures="0" hostname="petra-PC" id="1" name="ComplexNumberTest" package="hr.fer.zemris.java.tecaj.hw3" skipped="0" tests="26" time="0.103" timestamp="2014-03-29T02:49:37">
      <properties>
[...]
</properties>

      <testcase classname="hr.fer.zemris.java.tecaj.hw3.ComplexNumberTest" name="getRootExTest" time="0.011" />

      <testcase classname="hr.fer.zemris.java.tecaj.hw3.ComplexNumberTest" name="getMulTest" time="0.001" />

      <testcase classname="hr.fer.zemris.java.tecaj.hw3.ComplexNumberTest" name="getDivTest" time="0.0" />

      <testcase classname="hr.fer.zemris.java.tecaj.hw3.ComplexNumberTest" name="getParserTested" time="0.001" />

      <testcase classname="hr.fer.zemris.java.tecaj.hw3.ComplexNumberTest" name="getParseTest3" time="0.0" />

      <testcase classname="hr.fer.zemris.java.tecaj.hw3.ComplexNumberTest" name="parserImag" time="0.001" />

      <testcase classname="hr.fer.zemris.java.tecaj.hw3.ComplexNumberTest" name="getSubTest" time="0.0" />

      <testcase classname="hr.fer.zemris.java.tecaj.hw3.ComplexNumberTest" name="getMagnitudeTest" time="0.001" />

      <testcase classname="hr.fer.zemris.java.tecaj.hw3.ComplexNumberTest" name="getAngleTest" time="0.001" />

      <testcase classname="hr.fer.zemris.java.tecaj.hw3.ComplexNumberTest" name="getParserTested1" time="0.001" />

      <testcase classname="hr.fer.zemris.java.tecaj.hw3.ComplexNumberTest" name="konsKut" time="0.0" />

      <testcase classname="hr.fer.zemris.java.tecaj.hw3.ComplexNumberTest" name="getDivideTested" time="0.001" />

      <testcase classname="hr.fer.zemris.java.tecaj.hw3.ComplexNumberTest" name="kutIMod" time="0.0" />

      <testcase classname="hr.fer.zemris.java.tecaj.hw3.ComplexNumberTest" name="getAddTest" time="0.0" />

      <testcase classname="hr.fer.zemris.java.tecaj.hw3.ComplexNumberTest" name="getPowExTest" time="0.0" />

      <testcase classname="hr.fer.zemris.java.tecaj.hw3.ComplexNumberTest" name="ispis" time="0.002" />

      <testcase classname="hr.fer.zemris.java.tecaj.hw3.ComplexNumberTest" name="getPowTest" time="0.001" />

      <testcase classname="hr.fer.zemris.java.tecaj.hw3.ComplexNumberTest" name="konsImaginarni" time="0.001" />

      <testcase classname="hr.fer.zemris.java.tecaj.hw3.ComplexNumberTest" name="parserI1" time="0.0" />

      <testcase classname="hr.fer.zemris.java.tecaj.hw3.ComplexNumberTest" name="parserI2" time="0.0" />

      <testcase classname="hr.fer.zemris.java.tecaj.hw3.ComplexNumberTest" name="parserI3" time="0.001" />

      <testcase classname="hr.fer.zemris.java.tecaj.hw3.ComplexNumberTest" name="parserI4" time="0.0" />

      <testcase classname="hr.fer.zemris.java.tecaj.hw3.ComplexNumberTest" name="parserRealni" time="0.0" />

      <testcase classname="hr.fer.zemris.java.tecaj.hw3.ComplexNumberTest" name="konstruktor" time="0.001" />

      <testcase classname="hr.fer.zemris.java.tecaj.hw3.ComplexNumberTest" name="konsRealni" time="0.0" />

      <testcase classname="hr.fer.zemris.java.tecaj.hw3.ComplexNumberTest" name="getRootTest" time="0.001" />

      <system-out><![CDATA[1
-5
2+1i
-2-1i
]]></system-out>

      <system-err><![CDATA[]]></system-err>

  </testsuite>
</testsuites>
